<?xml version="1.0" encoding="UTF-8"?>
<testng-results ignored="0" total="1" passed="1" failed="0" skipped="0">
  <reporter-output>
  </reporter-output>
  <suite started-at="2024-11-18T09:27:34 IST" name="Default suite" finished-at="2024-11-18T09:28:08 IST" duration-ms="34681">
    <groups>
    </groups>
    <test started-at="2024-11-18T09:27:34 IST" name="Default test" finished-at="2024-11-18T09:28:08 IST" duration-ms="34681">
      <class name="com.ShoppersStack_TestScript.Tc_002_verifyUserAbleTo_DeleteAdress_Test">
        <test-method is-config="true" signature="beforeSuit()[pri:0, instance:com.ShoppersStack_TestScript.Tc_002_verifyUserAbleTo_DeleteAdress_Test@79079097]" started-at="2024-11-18T09:27:34 IST" name="beforeSuit" finished-at="2024-11-18T09:27:34 IST" duration-ms="23" status="PASS">
          <reporter-output>
          </reporter-output>
        </test-method> <!-- beforeSuit -->
        <test-method is-config="true" signature="befortest()[pri:0, instance:com.ShoppersStack_TestScript.Tc_002_verifyUserAbleTo_DeleteAdress_Test@79079097]" started-at="2024-11-18T09:27:34 IST" name="befortest" finished-at="2024-11-18T09:27:34 IST" duration-ms="482" status="PASS">
          <reporter-output>
          </reporter-output>
        </test-method> <!-- befortest -->
        <test-method is-config="true" signature="beforclass()[pri:0, instance:com.ShoppersStack_TestScript.Tc_002_verifyUserAbleTo_DeleteAdress_Test@79079097]" started-at="2024-11-18T09:27:34 IST" name="beforclass" finished-at="2024-11-18T09:27:39 IST" duration-ms="5102" status="PASS">
          <reporter-output>
          </reporter-output>
        </test-method> <!-- beforclass -->
        <test-method is-config="true" signature="beformethod()[pri:0, instance:com.ShoppersStack_TestScript.Tc_002_verifyUserAbleTo_DeleteAdress_Test@79079097]" started-at="2024-11-18T09:27:39 IST" name="beformethod" finished-at="2024-11-18T09:27:49 IST" duration-ms="9585" status="PASS">
          <reporter-output>
          </reporter-output>
        </test-method> <!-- beformethod -->
        <test-method signature="deleteAdress()[pri:0, instance:com.ShoppersStack_TestScript.Tc_002_verifyUserAbleTo_DeleteAdress_Test@79079097]" started-at="2024-11-18T09:27:49 IST" name="deleteAdress" finished-at="2024-11-18T09:28:03 IST" duration-ms="14452" status="PASS">
          <reporter-output>
          </reporter-output>
        </test-method> <!-- deleteAdress -->
        <test-method is-config="true" signature="aftermethod()[pri:0, instance:com.ShoppersStack_TestScript.Tc_002_verifyUserAbleTo_DeleteAdress_Test@79079097]" started-at="2024-11-18T09:28:03 IST" name="aftermethod" finished-at="2024-11-18T09:28:04 IST" duration-ms="965" status="PASS">
          <reporter-output>
          </reporter-output>
        </test-method> <!-- aftermethod -->
        <test-method is-config="true" signature="afterclass()[pri:0, instance:com.ShoppersStack_TestScript.Tc_002_verifyUserAbleTo_DeleteAdress_Test@79079097]" started-at="2024-11-18T09:28:04 IST" name="afterclass" finished-at="2024-11-18T09:28:08 IST" duration-ms="3470" status="PASS">
          <reporter-output>
          </reporter-output>
        </test-method> <!-- afterclass -->
        <test-method is-config="true" signature="aftertest()[pri:0, instance:com.ShoppersStack_TestScript.Tc_002_verifyUserAbleTo_DeleteAdress_Test@79079097]" started-at="2024-11-18T09:28:08 IST" name="aftertest" finished-at="2024-11-18T09:28:08 IST" duration-ms="531" status="PASS">
          <reporter-output>
          </reporter-output>
        </test-method> <!-- aftertest -->
        <test-method is-config="true" signature="aftersuite()[pri:0, instance:com.ShoppersStack_TestScript.Tc_002_verifyUserAbleTo_DeleteAdress_Test@79079097]" started-at="2024-11-18T09:28:09 IST" name="aftersuite" finished-at="2024-11-18T09:28:09 IST" duration-ms="1" status="PASS">
          <reporter-output>
          </reporter-output>
        </test-method> <!-- aftersuite -->
      </class> <!-- com.ShoppersStack_TestScript.Tc_002_verifyUserAbleTo_DeleteAdress_Test -->
    </test> <!-- Default test -->
  </suite> <!-- Default suite -->
</testng-results>
